<?xml version="1.0" encoding="UTF-8"?>
<robot generator="Robot 3.1.2 (Python 3.6.5 on win32)" generated="20190709 14:27:12.505" rpa="false">
<suite id="s1" name="Tests" source="C:\development\robot-scripts\MSEECSV\tests">
<suite id="s1-s1" name="Demo" source="C:\development\robot-scripts\MSEECSV\tests\demo.robot">
<test id="s1-s1-t1" name="Instate User enters Personal,citizenship information and clicks on enroll and pay button in the slate form">
<kw name="Begin Web test" library="common" type="setup">
<kw name="Open Browser" library="SeleniumLibrary">
<doc>Opens a new browser instance to the given ``url``.</doc>
<arguments>
<arg>about:blank</arg>
<arg>${BROWSER}</arg>
</arguments>
<msg timestamp="20190709 14:27:12.736" level="INFO">Opening browser 'chrome' to base url 'about:blank'.</msg>
<status status="PASS" starttime="20190709 14:27:12.736" endtime="20190709 14:27:14.997"></status>
</kw>
<status status="PASS" starttime="20190709 14:27:12.736" endtime="20190709 14:27:14.997"></status>
</kw>
<kw name="Get CSV data" library="Datamanager">
<arguments>
<arg>${credentials_instate_CSV}</arg>
</arguments>
<assign>
<var>${scenarios}</var>
</assign>
<kw name="Read Csv File" library="readcsv">
<arguments>
<arg>${filepath}</arg>
</arguments>
<assign>
<var>${Data}</var>
</assign>
<msg timestamp="20190709 14:27:14.998" level="INFO">${Data} = [['Julie1', 'smith', 'js@example.com', 'United States', '3676 Yale dr', 'Broomfield', 'Colorado', '80023', 'Female', 'United States', '']]</msg>
<status status="PASS" starttime="20190709 14:27:14.998" endtime="20190709 14:27:14.998"></status>
</kw>
<msg timestamp="20190709 14:27:14.998" level="INFO">${scenarios} = [['Julie1', 'smith', 'js@example.com', 'United States', '3676 Yale dr', 'Broomfield', 'Colorado', '80023', 'Female', 'United States', '']]</msg>
<status status="PASS" starttime="20190709 14:27:14.997" endtime="20190709 14:27:14.999"></status>
</kw>
<kw name="Open Slate form" library="slate">
<kw name="Load" library="slateformpage">
<kw name="Go To" library="SeleniumLibrary">
<doc>Navigates the active browser instance to the provided ``url``.</doc>
<arguments>
<arg>${FORM_URL}</arg>
</arguments>
<msg timestamp="20190709 14:27:15.000" level="INFO">Opening url 'https://cbo.test.technolutions.net/register/MSEEenrollmentV2'</msg>
<status status="PASS" starttime="20190709 14:27:14.999" endtime="20190709 14:27:16.362"></status>
</kw>
<status status="PASS" starttime="20190709 14:27:14.999" endtime="20190709 14:27:16.362"></status>
</kw>
<kw name="Maximize Window" library="slateformpage">
<kw name="Maximize Browser Window" library="SeleniumLibrary">
<doc>Maximizes current browser window.</doc>
<status status="PASS" starttime="20190709 14:27:16.363" endtime="20190709 14:27:17.525"></status>
</kw>
<status status="PASS" starttime="20190709 14:27:16.363" endtime="20190709 14:27:17.525"></status>
</kw>
<kw name="Verify Page Loaded" library="slateformpage">
<kw name="Wait Until Page Contains" library="SeleniumLibrary">
<doc>Waits until ``text`` appears on current page.</doc>
<arguments>
<arg>Welcome to CU Boulder!</arg>
</arguments>
<status status="PASS" starttime="20190709 14:27:17.525" endtime="20190709 14:27:17.546"></status>
</kw>
<status status="PASS" starttime="20190709 14:27:17.525" endtime="20190709 14:27:17.546"></status>
</kw>
<status status="PASS" starttime="20190709 14:27:14.999" endtime="20190709 14:27:17.546"></status>
</kw>
<kw name="Choose a Course" library="slate">
<arguments>
<arg>${course1}</arg>
</arguments>
<kw name="Select a course" library="slateformpage">
<arguments>
<arg>${course_no}</arg>
</arguments>
<kw name="Click Element" library="SeleniumLibrary">
<doc>Click element identified by ``locator``.</doc>
<arguments>
<arg>id=${course}</arg>
</arguments>
<msg timestamp="20190709 14:27:17.549" level="INFO">Clicking element 'id=form_000164e3-6f86-9af7-74c7-62f0c65937aa_1'.</msg>
<status status="PASS" starttime="20190709 14:27:17.549" endtime="20190709 14:27:17.666"></status>
</kw>
<kw name="Get Text" library="SeleniumLibrary">
<doc>Returns the text value of element identified by ``locator``.</doc>
<arguments>
<arg>id=form_6eae1f48-9baa-4ed3-9736-b4b06f457432</arg>
</arguments>
<assign>
<var>${course_name}</var>
</assign>
<msg timestamp="20190709 14:27:17.697" level="INFO">${course_name} = </msg>
<status status="PASS" starttime="20190709 14:27:17.666" endtime="20190709 14:27:17.697"></status>
</kw>
<kw name="Set Global Variable" library="BuiltIn">
<doc>Makes a variable available globally in all tests and suites.</doc>
<arguments>
<arg>${course_name1}</arg>
<arg>${course_name}</arg>
</arguments>
<msg timestamp="20190709 14:27:17.698" level="INFO">${course_name1} = </msg>
<status status="PASS" starttime="20190709 14:27:17.697" endtime="20190709 14:27:17.698"></status>
</kw>
<status status="PASS" starttime="20190709 14:27:17.548" endtime="20190709 14:27:17.699"></status>
</kw>
<status status="PASS" starttime="20190709 14:27:17.547" endtime="20190709 14:27:17.699"></status>
</kw>
<kw name="Input personal info" library="slate">
<arguments>
<arg>${scenarios}</arg>
</arguments>
<kw name="Enter Mandatory information" library="slateformpage">
<arguments>
<arg>${data}</arg>
</arguments>
<kw name="${field} IN [ @{mandatory_fields} ]" type="for">
<kw name="${field} = ['Julie1', 'smith', 'js@example.com', 'United States', '3676 Yale dr', 'Broomfield', 'Colorado', '80023', 'Female', 'United States', '']" type="foritem">
<kw name="Input Text" library="SeleniumLibrary">
<doc>Types the given ``text`` into text field identified by ``locator``.</doc>
<arguments>
<arg>id=form_86a9bc3b-0a24-8cc8-e69a-d88c4ecafe47</arg>
<arg>${field[0]}</arg>
</arguments>
<msg timestamp="20190709 14:27:17.701" level="INFO">Typing text 'Julie1' into text field 'id=form_86a9bc3b-0a24-8cc8-e69a-d88c4ecafe47'.</msg>
<status status="PASS" starttime="20190709 14:27:17.700" endtime="20190709 14:27:17.858"></status>
</kw>
<kw name="Input Text" library="SeleniumLibrary">
<doc>Types the given ``text`` into text field identified by ``locator``.</doc>
<arguments>
<arg>id=form_f0833acd-b282-84c3-364e-14532666a1ed</arg>
<arg>${field[1]}</arg>
</arguments>
<msg timestamp="20190709 14:27:17.858" level="INFO">Typing text 'smith' into text field 'id=form_f0833acd-b282-84c3-364e-14532666a1ed'.</msg>
<status status="PASS" starttime="20190709 14:27:17.858" endtime="20190709 14:27:17.949"></status>
</kw>
<kw name="Input Text" library="SeleniumLibrary">
<doc>Types the given ``text`` into text field identified by ``locator``.</doc>
<arguments>
<arg>id=form_7a31eeea-89ec-c420-9bb9-4d15c3478817</arg>
<arg>${field[2]}</arg>
</arguments>
<msg timestamp="20190709 14:27:17.949" level="INFO">Typing text 'js@example.com' into text field 'id=form_7a31eeea-89ec-c420-9bb9-4d15c3478817'.</msg>
<status status="PASS" starttime="20190709 14:27:17.949" endtime="20190709 14:27:18.098"></status>
</kw>
<kw name="Select From List By Label" library="SeleniumLibrary">
<doc>Selects options from selection list ``locator`` by ``labels``.</doc>
<arguments>
<arg>id=form_c43c5715-6e41-51e3-60d9-0b2b4f32191e_country</arg>
<arg>${field[3]}</arg>
</arguments>
<msg timestamp="20190709 14:27:18.098" level="INFO">Selecting options from selection list 'id=form_c43c5715-6e41-51e3-60d9-0b2b4f32191e_country' by label United States.</msg>
<status status="PASS" starttime="20190709 14:27:18.098" endtime="20190709 14:27:18.143"></status>
</kw>
<kw name="Input Text" library="SeleniumLibrary">
<doc>Types the given ``text`` into text field identified by ``locator``.</doc>
<arguments>
<arg>id=form_c43c5715-6e41-51e3-60d9-0b2b4f32191e_street</arg>
<arg>${field[4]}</arg>
</arguments>
<msg timestamp="20190709 14:27:18.143" level="INFO">Typing text '3676 Yale dr' into text field 'id=form_c43c5715-6e41-51e3-60d9-0b2b4f32191e_street'.</msg>
<status status="PASS" starttime="20190709 14:27:18.143" endtime="20190709 14:27:18.235"></status>
</kw>
<kw name="Input Text" library="SeleniumLibrary">
<doc>Types the given ``text`` into text field identified by ``locator``.</doc>
<arguments>
<arg>id=form_c43c5715-6e41-51e3-60d9-0b2b4f32191e_city</arg>
<arg>${field[4]}</arg>
</arguments>
<msg timestamp="20190709 14:27:18.236" level="INFO">Typing text '3676 Yale dr' into text field 'id=form_c43c5715-6e41-51e3-60d9-0b2b4f32191e_city'.</msg>
<status status="PASS" starttime="20190709 14:27:18.235" endtime="20190709 14:27:18.380"></status>
</kw>
<kw name="Select From List By Label" library="SeleniumLibrary">
<doc>Selects options from selection list ``locator`` by ``labels``.</doc>
<arguments>
<arg>id=form_c43c5715-6e41-51e3-60d9-0b2b4f32191e_region</arg>
<arg>${field[6]}</arg>
</arguments>
<msg timestamp="20190709 14:27:18.380" level="INFO">Selecting options from selection list 'id=form_c43c5715-6e41-51e3-60d9-0b2b4f32191e_region' by label Colorado.</msg>
<status status="PASS" starttime="20190709 14:27:18.380" endtime="20190709 14:27:18.451"></status>
</kw>
<kw name="Input Text" library="SeleniumLibrary">
<doc>Types the given ``text`` into text field identified by ``locator``.</doc>
<arguments>
<arg>id=form_c43c5715-6e41-51e3-60d9-0b2b4f32191e_postal</arg>
<arg>${field[7]}</arg>
</arguments>
<msg timestamp="20190709 14:27:18.451" level="INFO">Typing text '80023' into text field 'id=form_c43c5715-6e41-51e3-60d9-0b2b4f32191e_postal'.</msg>
<status status="PASS" starttime="20190709 14:27:18.451" endtime="20190709 14:27:18.543"></status>
</kw>
<kw name="Select From List By Label" library="SeleniumLibrary">
<doc>Selects options from selection list ``locator`` by ``labels``.</doc>
<arguments>
<arg>id=form_bf4cd39f-3ea4-344a-8a97-1a8e9e3e9449</arg>
<arg>${field[8]}</arg>
</arguments>
<msg timestamp="20190709 14:27:18.543" level="INFO">Selecting options from selection list 'id=form_bf4cd39f-3ea4-344a-8a97-1a8e9e3e9449' by label Female.</msg>
<status status="PASS" starttime="20190709 14:27:18.543" endtime="20190709 14:27:18.618"></status>
</kw>
<kw name="Run Keyword If" library="BuiltIn">
<doc>Runs the given keyword with the given arguments, if ``condition`` is true.</doc>
<arguments>
<arg>'${field[8]}' == 'Male' and '${field[9]}' == 'United States'</arg>
<arg>Enable Selective service</arg>
</arguments>
<status status="PASS" starttime="20190709 14:27:18.618" endtime="20190709 14:27:18.619"></status>
</kw>
<kw name="Select From List By Label" library="SeleniumLibrary">
<doc>Selects options from selection list ``locator`` by ``labels``.</doc>
<arguments>
<arg>id=form_140be1db-2a09-877c-ed38-c359f7f99049</arg>
<arg>${field[9]}</arg>
</arguments>
<msg timestamp="20190709 14:27:18.619" level="INFO">Selecting options from selection list 'id=form_140be1db-2a09-877c-ed38-c359f7f99049' by label United States.</msg>
<status status="PASS" starttime="20190709 14:27:18.619" endtime="20190709 14:27:18.697"></status>
</kw>
<kw name="Run Keyword If" library="BuiltIn">
<doc>Runs the given keyword with the given arguments, if ``condition`` is true.</doc>
<arguments>
<arg>'${field[9]}' != 'United States'</arg>
<arg>Enable Permanant resident</arg>
</arguments>
<status status="PASS" starttime="20190709 14:27:18.697" endtime="20190709 14:27:18.698"></status>
</kw>
<status status="PASS" starttime="20190709 14:27:17.700" endtime="20190709 14:27:18.698"></status>
</kw>
<status status="PASS" starttime="20190709 14:27:17.700" endtime="20190709 14:27:18.698"></status>
</kw>
<status status="PASS" starttime="20190709 14:27:17.700" endtime="20190709 14:27:18.698"></status>
</kw>
<kw name="Users should be able to select Date of Birth" library="slateformpage">
<kw name="Select From List By Label" library="SeleniumLibrary">
<doc>Selects options from selection list ``locator`` by ``labels``.</doc>
<arguments>
<arg>id=form_9431eec7-4eef-185e-7287-15b176358ade_m</arg>
<arg>${DOB_month}</arg>
</arguments>
<msg timestamp="20190709 14:27:18.698" level="INFO">Selecting options from selection list 'id=form_9431eec7-4eef-185e-7287-15b176358ade_m' by label March.</msg>
<status status="PASS" starttime="20190709 14:27:18.698" endtime="20190709 14:27:18.775"></status>
</kw>
<kw name="Select From List By Label" library="SeleniumLibrary">
<doc>Selects options from selection list ``locator`` by ``labels``.</doc>
<arguments>
<arg>id=form_9431eec7-4eef-185e-7287-15b176358ade_d</arg>
<arg>${DOB_day}</arg>
</arguments>
<msg timestamp="20190709 14:27:18.776" level="INFO">Selecting options from selection list 'id=form_9431eec7-4eef-185e-7287-15b176358ade_d' by label 25.</msg>
<status status="PASS" starttime="20190709 14:27:18.775" endtime="20190709 14:27:18.854"></status>
</kw>
<kw name="Select From List By Label" library="SeleniumLibrary">
<doc>Selects options from selection list ``locator`` by ``labels``.</doc>
<arguments>
<arg>id=form_9431eec7-4eef-185e-7287-15b176358ade_y</arg>
<arg>${DOB_year}</arg>
</arguments>
<msg timestamp="20190709 14:27:18.854" level="INFO">Selecting options from selection list 'id=form_9431eec7-4eef-185e-7287-15b176358ade_y' by label 1988.</msg>
<status status="PASS" starttime="20190709 14:27:18.854" endtime="20190709 14:27:18.926"></status>
</kw>
<status status="PASS" starttime="20190709 14:27:18.698" endtime="20190709 14:27:18.926"></status>
</kw>
<kw name="Users should be able to input phone number" library="slateformpage">
<kw name="Input Text" library="SeleniumLibrary">
<doc>Types the given ``text`` into text field identified by ``locator``.</doc>
<arguments>
<arg>id=form_4312a3e3-1b3f-1d01-b1ce-08a6b6f994d0</arg>
<arg>${phone_number}</arg>
</arguments>
<msg timestamp="20190709 14:27:18.927" level="INFO">Typing text '7208971234' into text field 'id=form_4312a3e3-1b3f-1d01-b1ce-08a6b6f994d0'.</msg>
<status status="PASS" starttime="20190709 14:27:18.927" endtime="20190709 14:27:19.061"></status>
</kw>
<status status="PASS" starttime="20190709 14:27:18.926" endtime="20190709 14:27:19.061"></status>
</kw>
<status status="PASS" starttime="20190709 14:27:17.699" endtime="20190709 14:27:19.061"></status>
</kw>
<kw name="Verify Tuition" library="slate">
<kw name="The total cost for this course must match with tuition" library="slateformpage">
<kw name="Get Value" library="SeleniumLibrary">
<doc>Returns the value attribute of element identified by ``locator``.</doc>
<arguments>
<arg>xpath=//*[@id="form_4a7c5c15-aaa9-981d-aa01-554762840ef2"]</arg>
</arguments>
<assign>
<var>${total_cost}</var>
</assign>
<msg timestamp="20190709 14:27:19.083" level="INFO">${total_cost} = $533.60</msg>
<status status="PASS" starttime="20190709 14:27:19.062" endtime="20190709 14:27:19.083"></status>
</kw>
<kw name="Log To Console" library="BuiltIn">
<doc>Logs the given message to the console.</doc>
<arguments>
<arg>total cost</arg>
</arguments>
<status status="PASS" starttime="20190709 14:27:19.083" endtime="20190709 14:27:19.084"></status>
</kw>
<kw name="Log To Console" library="BuiltIn">
<doc>Logs the given message to the console.</doc>
<arguments>
<arg>${total_cost}</arg>
</arguments>
<status status="PASS" starttime="20190709 14:27:19.084" endtime="20190709 14:27:19.084"></status>
</kw>
<kw name="Get Text" library="SeleniumLibrary">
<doc>Returns the text value of element identified by ``locator``.</doc>
<arguments>
<arg>id=payment_display_form_3f9bbf64-3bef-32dd-f9b6-ff719bd42050</arg>
</arguments>
<assign>
<var>${tuition}</var>
</assign>
<msg timestamp="20190709 14:27:19.108" level="INFO">${tuition} = $533.60</msg>
<status status="PASS" starttime="20190709 14:27:19.084" endtime="20190709 14:27:19.108"></status>
</kw>
<kw name="Set Global Variable" library="BuiltIn">
<doc>Makes a variable available globally in all tests and suites.</doc>
<arguments>
<arg>${tuition1}</arg>
<arg>${tuition}</arg>
</arguments>
<msg timestamp="20190709 14:27:19.109" level="INFO">${tuition1} = $533.60</msg>
<status status="PASS" starttime="20190709 14:27:19.108" endtime="20190709 14:27:19.109"></status>
</kw>
<kw name="Log To Console" library="BuiltIn">
<doc>Logs the given message to the console.</doc>
<arguments>
<arg>tuition cost</arg>
</arguments>
<status status="PASS" starttime="20190709 14:27:19.109" endtime="20190709 14:27:19.110"></status>
</kw>
<kw name="Log To Console" library="BuiltIn">
<doc>Logs the given message to the console.</doc>
<arguments>
<arg>${tuition}</arg>
</arguments>
<status status="PASS" starttime="20190709 14:27:19.110" endtime="20190709 14:27:19.110"></status>
</kw>
<kw name="Should Be Equal" library="BuiltIn">
<doc>Fails if the given objects are unequal.</doc>
<arguments>
<arg>${total_cost}</arg>
<arg>${tuition}</arg>
</arguments>
<status status="PASS" starttime="20190709 14:27:19.110" endtime="20190709 14:27:19.110"></status>
</kw>
<kw name="Log To Console" library="BuiltIn">
<doc>Logs the given message to the console.</doc>
<arguments>
<arg>Sucesss tuition matches</arg>
</arguments>
<status status="PASS" starttime="20190709 14:27:19.110" endtime="20190709 14:27:19.110"></status>
</kw>
<status status="PASS" starttime="20190709 14:27:19.062" endtime="20190709 14:27:19.110"></status>
</kw>
<status status="PASS" starttime="20190709 14:27:19.061" endtime="20190709 14:27:19.110"></status>
</kw>
<kw name="Click Enroll and Pay" library="slate">
<kw name="Users should be able to click enroll and pay button to go to the payment page" library="slateformpage">
<kw name="Click Button" library="SeleniumLibrary">
<doc>Clicks button identified by ``locator``.</doc>
<arguments>
<arg>css=#form_69032c1d-6e6c-4bfe-f3b4-85e3b47017e8_container &gt; div.action.form_action &gt; button</arg>
</arguments>
<msg timestamp="20190709 14:27:19.110" level="INFO">Clicking button 'css=#form_69032c1d-6e6c-4bfe-f3b4-85e3b47017e8_container &gt; div.action.form_action &gt; button'.</msg>
<status status="PASS" starttime="20190709 14:27:19.110" endtime="20190709 14:27:19.225"></status>
</kw>
<status status="PASS" starttime="20190709 14:27:19.110" endtime="20190709 14:27:19.225"></status>
</kw>
<status status="PASS" starttime="20190709 14:27:19.110" endtime="20190709 14:27:19.225"></status>
</kw>
<kw name="Open welcome payment page" library="welcomepayment">
<kw name="Maximize Window" library="welcomepaymentpage">
<kw name="Maximize Browser Window" library="SeleniumLibrary">
<doc>Maximizes current browser window.</doc>
<status status="PASS" starttime="20190709 14:27:19.226" endtime="20190709 14:27:19.231"></status>
</kw>
<status status="PASS" starttime="20190709 14:27:19.226" endtime="20190709 14:27:19.231"></status>
</kw>
<kw name="Verify Page Loaded" library="welcomepaymentpage">
<kw name="Wait Until Page Contains" library="SeleniumLibrary">
<doc>Waits until ``text`` appears on current page.</doc>
<arguments>
<arg>Welcome to CU Boulder!</arg>
</arguments>
<status status="PASS" starttime="20190709 14:27:19.231" endtime="20190709 14:27:19.244"></status>
</kw>
<status status="PASS" starttime="20190709 14:27:19.231" endtime="20190709 14:27:19.244"></status>
</kw>
<status status="PASS" starttime="20190709 14:27:19.225" endtime="20190709 14:27:19.244"></status>
</kw>
<kw name="Click Submit payment link" library="welcomepayment">
<kw name="Click Submit payment" library="welcomepaymentpage">
<kw name="Sleep" library="BuiltIn">
<doc>Pauses the test executed for the given time.</doc>
<arguments>
<arg>3s</arg>
</arguments>
<msg timestamp="20190709 14:27:22.247" level="INFO">Slept 3 seconds</msg>
<status status="PASS" starttime="20190709 14:27:19.246" endtime="20190709 14:27:22.247"></status>
</kw>
<kw name="Click Link" library="SeleniumLibrary">
<doc>Clicks a link identified by ``locator``.</doc>
<arguments>
<arg>Submit Payment</arg>
</arguments>
<msg timestamp="20190709 14:27:22.247" level="INFO">Clicking link 'Submit Payment'.</msg>
<kw name="Capture Page Screenshot" library="SeleniumLibrary">
<doc>Takes screenshot of the current page and embeds it into log file.</doc>
<msg timestamp="20190709 14:27:26.741" level="INFO" html="yes">&lt;/td&gt;&lt;/tr&gt;&lt;tr&gt;&lt;td colspan="3"&gt;&lt;a href="selenium-screenshot-82.png"&gt;&lt;img src="selenium-screenshot-82.png" width="800px"&gt;&lt;/a&gt;</msg>
<status status="PASS" starttime="20190709 14:27:26.373" endtime="20190709 14:27:26.741"></status>
</kw>
<msg timestamp="20190709 14:27:26.744" level="FAIL">Link with locator 'Submit Payment' not found.</msg>
<status status="FAIL" starttime="20190709 14:27:22.247" endtime="20190709 14:27:26.744"></status>
</kw>
<status status="FAIL" starttime="20190709 14:27:19.245" endtime="20190709 14:27:26.744"></status>
</kw>
<status status="FAIL" starttime="20190709 14:27:19.245" endtime="20190709 14:27:26.745"></status>
</kw>
<kw name="End Web test" library="common" type="teardown">
<kw name="Close Browser" library="SeleniumLibrary">
<doc>Closes the current browser.</doc>
<status status="PASS" starttime="20190709 14:27:26.749" endtime="20190709 14:27:28.893"></status>
</kw>
<status status="PASS" starttime="20190709 14:27:26.749" endtime="20190709 14:27:28.893"></status>
</kw>
<doc>This test verifies the ability of the instate user to enter his personal information</doc>
<tags>
<tag>smoke regression</tag>
</tags>
<status status="FAIL" starttime="20190709 14:27:12.736" endtime="20190709 14:27:28.893" critical="yes">Link with locator 'Submit Payment' not found.</status>
</test>
<test id="s1-s1-t2" name="Outstate User enters Personal,citizenship information and clicks on enroll and pay button in the slate form">
<kw name="Begin Web test" library="common" type="setup">
<kw name="Open Browser" library="SeleniumLibrary">
<doc>Opens a new browser instance to the given ``url``.</doc>
<arguments>
<arg>about:blank</arg>
<arg>${BROWSER}</arg>
</arguments>
<msg timestamp="20190709 14:27:28.893" level="INFO">Opening browser 'chrome' to base url 'about:blank'.</msg>
<status status="PASS" starttime="20190709 14:27:28.893" endtime="20190709 14:27:31.209"></status>
</kw>
<status status="PASS" starttime="20190709 14:27:28.893" endtime="20190709 14:27:31.210"></status>
</kw>
<kw name="Get CSV data" library="Datamanager">
<arguments>
<arg>${credentials_outstate_CSV}</arg>
</arguments>
<assign>
<var>${scenarios}</var>
</assign>
<kw name="Read Csv File" library="readcsv">
<arguments>
<arg>${filepath}</arg>
</arguments>
<assign>
<var>${Data}</var>
</assign>
<msg timestamp="20190709 14:27:31.211" level="INFO">${Data} = [['Lilly1', 'phillips', 'lp@example.com', 'United States', '1419 Westwood blvd', 'Los Angeles', 'California', '90024', 'Male', 'United States']]</msg>
<status status="PASS" starttime="20190709 14:27:31.211" endtime="20190709 14:27:31.211"></status>
</kw>
<msg timestamp="20190709 14:27:31.211" level="INFO">${scenarios} = [['Lilly1', 'phillips', 'lp@example.com', 'United States', '1419 Westwood blvd', 'Los Angeles', 'California', '90024', 'Male', 'United States']]</msg>
<status status="PASS" starttime="20190709 14:27:31.210" endtime="20190709 14:27:31.211"></status>
</kw>
<kw name="Open Slate form" library="slate">
<kw name="Load" library="slateformpage">
<kw name="Go To" library="SeleniumLibrary">
<doc>Navigates the active browser instance to the provided ``url``.</doc>
<arguments>
<arg>${FORM_URL}</arg>
</arguments>
<msg timestamp="20190709 14:27:31.213" level="INFO">Opening url 'https://cbo.test.technolutions.net/register/MSEEenrollmentV2'</msg>
<status status="PASS" starttime="20190709 14:27:31.213" endtime="20190709 14:27:32.636"></status>
</kw>
<status status="PASS" starttime="20190709 14:27:31.212" endtime="20190709 14:27:32.637"></status>
</kw>
<kw name="Maximize Window" library="slateformpage">
<kw name="Maximize Browser Window" library="SeleniumLibrary">
<doc>Maximizes current browser window.</doc>
<status status="PASS" starttime="20190709 14:27:32.637" endtime="20190709 14:27:33.788"></status>
</kw>
<status status="PASS" starttime="20190709 14:27:32.637" endtime="20190709 14:27:33.788"></status>
</kw>
<kw name="Verify Page Loaded" library="slateformpage">
<kw name="Wait Until Page Contains" library="SeleniumLibrary">
<doc>Waits until ``text`` appears on current page.</doc>
<arguments>
<arg>Welcome to CU Boulder!</arg>
</arguments>
<status status="PASS" starttime="20190709 14:27:33.789" endtime="20190709 14:27:33.806"></status>
</kw>
<status status="PASS" starttime="20190709 14:27:33.788" endtime="20190709 14:27:33.806"></status>
</kw>
<status status="PASS" starttime="20190709 14:27:31.212" endtime="20190709 14:27:33.806"></status>
</kw>
<kw name="Choose a Course" library="slate">
<arguments>
<arg>${course2}</arg>
</arguments>
<kw name="Select a course" library="slateformpage">
<arguments>
<arg>${course_no}</arg>
</arguments>
<kw name="Click Element" library="SeleniumLibrary">
<doc>Click element identified by ``locator``.</doc>
<arguments>
<arg>id=${course}</arg>
</arguments>
<msg timestamp="20190709 14:27:33.807" level="INFO">Clicking element 'id=form_000164e3-6f86-9af7-74c7-62f0c65937aa_2'.</msg>
<status status="PASS" starttime="20190709 14:27:33.807" endtime="20190709 14:27:33.872"></status>
</kw>
<kw name="Get Text" library="SeleniumLibrary">
<doc>Returns the text value of element identified by ``locator``.</doc>
<arguments>
<arg>id=form_6eae1f48-9baa-4ed3-9736-b4b06f457432</arg>
</arguments>
<assign>
<var>${course_name}</var>
</assign>
<msg timestamp="20190709 14:27:33.899" level="INFO">${course_name} = </msg>
<status status="PASS" starttime="20190709 14:27:33.872" endtime="20190709 14:27:33.899"></status>
</kw>
<kw name="Set Global Variable" library="BuiltIn">
<doc>Makes a variable available globally in all tests and suites.</doc>
<arguments>
<arg>${course_name1}</arg>
<arg>${course_name}</arg>
</arguments>
<msg timestamp="20190709 14:27:33.899" level="INFO">${course_name1} = </msg>
<status status="PASS" starttime="20190709 14:27:33.899" endtime="20190709 14:27:33.899"></status>
</kw>
<status status="PASS" starttime="20190709 14:27:33.807" endtime="20190709 14:27:33.899"></status>
</kw>
<status status="PASS" starttime="20190709 14:27:33.807" endtime="20190709 14:27:33.899"></status>
</kw>
<kw name="Input personal info" library="slate">
<arguments>
<arg>${scenarios}</arg>
</arguments>
<kw name="Enter Mandatory information" library="slateformpage">
<arguments>
<arg>${data}</arg>
</arguments>
<kw name="${field} IN [ @{mandatory_fields} ]" type="for">
<kw name="${field} = ['Lilly1', 'phillips', 'lp@example.com', 'United States', '1419 Westwood blvd', 'Los Angeles', 'California', '90024', 'Male', 'United States']" type="foritem">
<kw name="Input Text" library="SeleniumLibrary">
<doc>Types the given ``text`` into text field identified by ``locator``.</doc>
<arguments>
<arg>id=form_86a9bc3b-0a24-8cc8-e69a-d88c4ecafe47</arg>
<arg>${field[0]}</arg>
</arguments>
<msg timestamp="20190709 14:27:33.900" level="INFO">Typing text 'Lilly1' into text field 'id=form_86a9bc3b-0a24-8cc8-e69a-d88c4ecafe47'.</msg>
<status status="PASS" starttime="20190709 14:27:33.900" endtime="20190709 14:27:34.046"></status>
</kw>
<kw name="Input Text" library="SeleniumLibrary">
<doc>Types the given ``text`` into text field identified by ``locator``.</doc>
<arguments>
<arg>id=form_f0833acd-b282-84c3-364e-14532666a1ed</arg>
<arg>${field[1]}</arg>
</arguments>
<msg timestamp="20190709 14:27:34.047" level="INFO">Typing text 'phillips' into text field 'id=form_f0833acd-b282-84c3-364e-14532666a1ed'.</msg>
<status status="PASS" starttime="20190709 14:27:34.047" endtime="20190709 14:27:34.163"></status>
</kw>
<kw name="Input Text" library="SeleniumLibrary">
<doc>Types the given ``text`` into text field identified by ``locator``.</doc>
<arguments>
<arg>id=form_7a31eeea-89ec-c420-9bb9-4d15c3478817</arg>
<arg>${field[2]}</arg>
</arguments>
<msg timestamp="20190709 14:27:34.163" level="INFO">Typing text 'lp@example.com' into text field 'id=form_7a31eeea-89ec-c420-9bb9-4d15c3478817'.</msg>
<status status="PASS" starttime="20190709 14:27:34.163" endtime="20190709 14:27:34.315"></status>
</kw>
<kw name="Select From List By Label" library="SeleniumLibrary">
<doc>Selects options from selection list ``locator`` by ``labels``.</doc>
<arguments>
<arg>id=form_c43c5715-6e41-51e3-60d9-0b2b4f32191e_country</arg>
<arg>${field[3]}</arg>
</arguments>
<msg timestamp="20190709 14:27:34.316" level="INFO">Selecting options from selection list 'id=form_c43c5715-6e41-51e3-60d9-0b2b4f32191e_country' by label United States.</msg>
<status status="PASS" starttime="20190709 14:27:34.316" endtime="20190709 14:27:34.359"></status>
</kw>
<kw name="Input Text" library="SeleniumLibrary">
<doc>Types the given ``text`` into text field identified by ``locator``.</doc>
<arguments>
<arg>id=form_c43c5715-6e41-51e3-60d9-0b2b4f32191e_street</arg>
<arg>${field[4]}</arg>
</arguments>
<msg timestamp="20190709 14:27:34.360" level="INFO">Typing text '1419 Westwood blvd' into text field 'id=form_c43c5715-6e41-51e3-60d9-0b2b4f32191e_street'.</msg>
<status status="PASS" starttime="20190709 14:27:34.360" endtime="20190709 14:27:34.473"></status>
</kw>
<kw name="Input Text" library="SeleniumLibrary">
<doc>Types the given ``text`` into text field identified by ``locator``.</doc>
<arguments>
<arg>id=form_c43c5715-6e41-51e3-60d9-0b2b4f32191e_city</arg>
<arg>${field[4]}</arg>
</arguments>
<msg timestamp="20190709 14:27:34.474" level="INFO">Typing text '1419 Westwood blvd' into text field 'id=form_c43c5715-6e41-51e3-60d9-0b2b4f32191e_city'.</msg>
<status status="PASS" starttime="20190709 14:27:34.474" endtime="20190709 14:27:34.661"></status>
</kw>
<kw name="Select From List By Label" library="SeleniumLibrary">
<doc>Selects options from selection list ``locator`` by ``labels``.</doc>
<arguments>
<arg>id=form_c43c5715-6e41-51e3-60d9-0b2b4f32191e_region</arg>
<arg>${field[6]}</arg>
</arguments>
<msg timestamp="20190709 14:27:34.661" level="INFO">Selecting options from selection list 'id=form_c43c5715-6e41-51e3-60d9-0b2b4f32191e_region' by label California.</msg>
<status status="PASS" starttime="20190709 14:27:34.661" endtime="20190709 14:27:34.735"></status>
</kw>
<kw name="Input Text" library="SeleniumLibrary">
<doc>Types the given ``text`` into text field identified by ``locator``.</doc>
<arguments>
<arg>id=form_c43c5715-6e41-51e3-60d9-0b2b4f32191e_postal</arg>
<arg>${field[7]}</arg>
</arguments>
<msg timestamp="20190709 14:27:34.736" level="INFO">Typing text '90024' into text field 'id=form_c43c5715-6e41-51e3-60d9-0b2b4f32191e_postal'.</msg>
<status status="PASS" starttime="20190709 14:27:34.736" endtime="20190709 14:27:34.830"></status>
</kw>
<kw name="Select From List By Label" library="SeleniumLibrary">
<doc>Selects options from selection list ``locator`` by ``labels``.</doc>
<arguments>
<arg>id=form_bf4cd39f-3ea4-344a-8a97-1a8e9e3e9449</arg>
<arg>${field[8]}</arg>
</arguments>
<msg timestamp="20190709 14:27:34.831" level="INFO">Selecting options from selection list 'id=form_bf4cd39f-3ea4-344a-8a97-1a8e9e3e9449' by label Male.</msg>
<status status="PASS" starttime="20190709 14:27:34.831" endtime="20190709 14:27:34.908"></status>
</kw>
<kw name="Run Keyword If" library="BuiltIn">
<doc>Runs the given keyword with the given arguments, if ``condition`` is true.</doc>
<arguments>
<arg>'${field[8]}' == 'Male' and '${field[9]}' == 'United States'</arg>
<arg>Enable Selective service</arg>
</arguments>
<kw name="Enable Selective service" library="slateformpage">
<kw name="Log To Console" library="BuiltIn">
<doc>Logs the given message to the console.</doc>
<arguments>
<arg>Enable selective services getting executed</arg>
</arguments>
<status status="PASS" starttime="20190709 14:27:34.909" endtime="20190709 14:27:34.910"></status>
</kw>
<kw name="Page Should Contain Element" library="SeleniumLibrary">
<doc>Verifies that element ``locator`` is found on the current page.</doc>
<arguments>
<arg>xpath=//*[@id="form_bde0e9a1-572b-3dfe-68c4-6f751b17e506"]/div[1]/legend</arg>
</arguments>
<msg timestamp="20190709 14:27:34.955" level="INFO">Current page contains element 'xpath=//*[@id="form_bde0e9a1-572b-3dfe-68c4-6f751b17e506"]/div[1]/legend'.</msg>
<status status="PASS" starttime="20190709 14:27:34.910" endtime="20190709 14:27:34.956"></status>
</kw>
<kw name="Get Text" library="SeleniumLibrary">
<doc>Returns the text value of element identified by ``locator``.</doc>
<arguments>
<arg>xpath=//*[@id="form_bde0e9a1-572b-3dfe-68c4-6f751b17e506"]/div[1]/legend</arg>
</arguments>
<assign>
<var>${testing}</var>
</assign>
<msg timestamp="20190709 14:27:34.980" level="INFO">${testing} = Have you registered for the Selective Service?*</msg>
<status status="PASS" starttime="20190709 14:27:34.956" endtime="20190709 14:27:34.980"></status>
</kw>
<kw name="Pause Execution" library="Dialogs">
<doc>Pauses test execution until user clicks ``Ok`` button.</doc>
<arguments>
<arg>Please select your selective service option</arg>
</arguments>
<status status="PASS" starttime="20190709 14:27:34.980" endtime="20190709 14:27:38.001"></status>
</kw>
<kw name="Sleep" library="BuiltIn">
<doc>Pauses the test executed for the given time.</doc>
<arguments>
<arg>5s</arg>
</arguments>
<msg timestamp="20190709 14:27:43.003" level="INFO">Slept 5 seconds</msg>
<status status="PASS" starttime="20190709 14:27:38.001" endtime="20190709 14:27:43.003"></status>
</kw>
<kw name="Log To Console" library="BuiltIn">
<doc>Logs the given message to the console.</doc>
<arguments>
<arg>${testing}</arg>
</arguments>
<status status="PASS" starttime="20190709 14:27:43.004" endtime="20190709 14:27:43.005"></status>
</kw>
<status status="PASS" starttime="20190709 14:27:34.909" endtime="20190709 14:27:43.006"></status>
</kw>
<status status="PASS" starttime="20190709 14:27:34.909" endtime="20190709 14:27:43.007"></status>
</kw>
<kw name="Select From List By Label" library="SeleniumLibrary">
<doc>Selects options from selection list ``locator`` by ``labels``.</doc>
<arguments>
<arg>id=form_140be1db-2a09-877c-ed38-c359f7f99049</arg>
<arg>${field[9]}</arg>
</arguments>
<msg timestamp="20190709 14:27:43.009" level="INFO">Selecting options from selection list 'id=form_140be1db-2a09-877c-ed38-c359f7f99049' by label United States.</msg>
<status status="PASS" starttime="20190709 14:27:43.007" endtime="20190709 14:27:43.178"></status>
</kw>
<kw name="Run Keyword If" library="BuiltIn">
<doc>Runs the given keyword with the given arguments, if ``condition`` is true.</doc>
<arguments>
<arg>'${field[9]}' != 'United States'</arg>
<arg>Enable Permanant resident</arg>
</arguments>
<status status="PASS" starttime="20190709 14:27:43.179" endtime="20190709 14:27:43.179"></status>
</kw>
<status status="PASS" starttime="20190709 14:27:33.900" endtime="20190709 14:27:43.179"></status>
</kw>
<status status="PASS" starttime="20190709 14:27:33.900" endtime="20190709 14:27:43.179"></status>
</kw>
<status status="PASS" starttime="20190709 14:27:33.900" endtime="20190709 14:27:43.179"></status>
</kw>
<kw name="Users should be able to select Date of Birth" library="slateformpage">
<kw name="Select From List By Label" library="SeleniumLibrary">
<doc>Selects options from selection list ``locator`` by ``labels``.</doc>
<arguments>
<arg>id=form_9431eec7-4eef-185e-7287-15b176358ade_m</arg>
<arg>${DOB_month}</arg>
</arguments>
<msg timestamp="20190709 14:27:43.180" level="INFO">Selecting options from selection list 'id=form_9431eec7-4eef-185e-7287-15b176358ade_m' by label March.</msg>
<status status="PASS" starttime="20190709 14:27:43.180" endtime="20190709 14:27:43.253"></status>
</kw>
<kw name="Select From List By Label" library="SeleniumLibrary">
<doc>Selects options from selection list ``locator`` by ``labels``.</doc>
<arguments>
<arg>id=form_9431eec7-4eef-185e-7287-15b176358ade_d</arg>
<arg>${DOB_day}</arg>
</arguments>
<msg timestamp="20190709 14:27:43.253" level="INFO">Selecting options from selection list 'id=form_9431eec7-4eef-185e-7287-15b176358ade_d' by label 25.</msg>
<status status="PASS" starttime="20190709 14:27:43.253" endtime="20190709 14:27:43.323"></status>
</kw>
<kw name="Select From List By Label" library="SeleniumLibrary">
<doc>Selects options from selection list ``locator`` by ``labels``.</doc>
<arguments>
<arg>id=form_9431eec7-4eef-185e-7287-15b176358ade_y</arg>
<arg>${DOB_year}</arg>
</arguments>
<msg timestamp="20190709 14:27:43.324" level="INFO">Selecting options from selection list 'id=form_9431eec7-4eef-185e-7287-15b176358ade_y' by label 1988.</msg>
<status status="PASS" starttime="20190709 14:27:43.324" endtime="20190709 14:27:43.396"></status>
</kw>
<status status="PASS" starttime="20190709 14:27:43.179" endtime="20190709 14:27:43.396"></status>
</kw>
<kw name="Users should be able to input phone number" library="slateformpage">
<kw name="Input Text" library="SeleniumLibrary">
<doc>Types the given ``text`` into text field identified by ``locator``.</doc>
<arguments>
<arg>id=form_4312a3e3-1b3f-1d01-b1ce-08a6b6f994d0</arg>
<arg>${phone_number}</arg>
</arguments>
<msg timestamp="20190709 14:27:43.397" level="INFO">Typing text '7208971234' into text field 'id=form_4312a3e3-1b3f-1d01-b1ce-08a6b6f994d0'.</msg>
<status status="PASS" starttime="20190709 14:27:43.397" endtime="20190709 14:27:43.558"></status>
</kw>
<status status="PASS" starttime="20190709 14:27:43.396" endtime="20190709 14:27:43.558"></status>
</kw>
<status status="PASS" starttime="20190709 14:27:33.899" endtime="20190709 14:27:43.558"></status>
</kw>
<kw name="Verify Tuition" library="slate">
<kw name="The total cost for this course must match with tuition" library="slateformpage">
<kw name="Get Value" library="SeleniumLibrary">
<doc>Returns the value attribute of element identified by ``locator``.</doc>
<arguments>
<arg>xpath=//*[@id="form_4a7c5c15-aaa9-981d-aa01-554762840ef2"]</arg>
</arguments>
<assign>
<var>${total_cost}</var>
</assign>
<msg timestamp="20190709 14:27:43.578" level="INFO">${total_cost} = $400.20</msg>
<status status="PASS" starttime="20190709 14:27:43.559" endtime="20190709 14:27:43.578"></status>
</kw>
<kw name="Log To Console" library="BuiltIn">
<doc>Logs the given message to the console.</doc>
<arguments>
<arg>total cost</arg>
</arguments>
<status status="PASS" starttime="20190709 14:27:43.578" endtime="20190709 14:27:43.579"></status>
</kw>
<kw name="Log To Console" library="BuiltIn">
<doc>Logs the given message to the console.</doc>
<arguments>
<arg>${total_cost}</arg>
</arguments>
<status status="PASS" starttime="20190709 14:27:43.579" endtime="20190709 14:27:43.579"></status>
</kw>
<kw name="Get Text" library="SeleniumLibrary">
<doc>Returns the text value of element identified by ``locator``.</doc>
<arguments>
<arg>id=payment_display_form_3f9bbf64-3bef-32dd-f9b6-ff719bd42050</arg>
</arguments>
<assign>
<var>${tuition}</var>
</assign>
<msg timestamp="20190709 14:27:43.604" level="INFO">${tuition} = $400.20</msg>
<status status="PASS" starttime="20190709 14:27:43.580" endtime="20190709 14:27:43.604"></status>
</kw>
<kw name="Set Global Variable" library="BuiltIn">
<doc>Makes a variable available globally in all tests and suites.</doc>
<arguments>
<arg>${tuition1}</arg>
<arg>${tuition}</arg>
</arguments>
<msg timestamp="20190709 14:27:43.605" level="INFO">${533.60} = $400.20</msg>
<status status="PASS" starttime="20190709 14:27:43.604" endtime="20190709 14:27:43.605"></status>
</kw>
<kw name="Log To Console" library="BuiltIn">
<doc>Logs the given message to the console.</doc>
<arguments>
<arg>tuition cost</arg>
</arguments>
<status status="PASS" starttime="20190709 14:27:43.605" endtime="20190709 14:27:43.605"></status>
</kw>
<kw name="Log To Console" library="BuiltIn">
<doc>Logs the given message to the console.</doc>
<arguments>
<arg>${tuition}</arg>
</arguments>
<status status="PASS" starttime="20190709 14:27:43.605" endtime="20190709 14:27:43.606"></status>
</kw>
<kw name="Should Be Equal" library="BuiltIn">
<doc>Fails if the given objects are unequal.</doc>
<arguments>
<arg>${total_cost}</arg>
<arg>${tuition}</arg>
</arguments>
<status status="PASS" starttime="20190709 14:27:43.606" endtime="20190709 14:27:43.606"></status>
</kw>
<kw name="Log To Console" library="BuiltIn">
<doc>Logs the given message to the console.</doc>
<arguments>
<arg>Sucesss tuition matches</arg>
</arguments>
<status status="PASS" starttime="20190709 14:27:43.606" endtime="20190709 14:27:43.606"></status>
</kw>
<status status="PASS" starttime="20190709 14:27:43.558" endtime="20190709 14:27:43.606"></status>
</kw>
<status status="PASS" starttime="20190709 14:27:43.558" endtime="20190709 14:27:43.607"></status>
</kw>
<kw name="Click Enroll and Pay" library="slate">
<kw name="Users should be able to click enroll and pay button to go to the payment page" library="slateformpage">
<kw name="Click Button" library="SeleniumLibrary">
<doc>Clicks button identified by ``locator``.</doc>
<arguments>
<arg>css=#form_69032c1d-6e6c-4bfe-f3b4-85e3b47017e8_container &gt; div.action.form_action &gt; button</arg>
</arguments>
<msg timestamp="20190709 14:27:43.608" level="INFO">Clicking button 'css=#form_69032c1d-6e6c-4bfe-f3b4-85e3b47017e8_container &gt; div.action.form_action &gt; button'.</msg>
<status status="PASS" starttime="20190709 14:27:43.607" endtime="20190709 14:27:43.752"></status>
</kw>
<status status="PASS" starttime="20190709 14:27:43.607" endtime="20190709 14:27:43.752"></status>
</kw>
<status status="PASS" starttime="20190709 14:27:43.607" endtime="20190709 14:27:43.752"></status>
</kw>
<kw name="Open welcome payment page" library="welcomepayment">
<kw name="Maximize Window" library="welcomepaymentpage">
<kw name="Maximize Browser Window" library="SeleniumLibrary">
<doc>Maximizes current browser window.</doc>
<status status="PASS" starttime="20190709 14:27:43.753" endtime="20190709 14:27:45.077"></status>
</kw>
<status status="PASS" starttime="20190709 14:27:43.753" endtime="20190709 14:27:45.077"></status>
</kw>
<kw name="Verify Page Loaded" library="welcomepaymentpage">
<kw name="Wait Until Page Contains" library="SeleniumLibrary">
<doc>Waits until ``text`` appears on current page.</doc>
<arguments>
<arg>Welcome to CU Boulder!</arg>
</arguments>
<status status="PASS" starttime="20190709 14:27:45.077" endtime="20190709 14:27:45.093"></status>
</kw>
<status status="PASS" starttime="20190709 14:27:45.077" endtime="20190709 14:27:45.093"></status>
</kw>
<status status="PASS" starttime="20190709 14:27:43.753" endtime="20190709 14:27:45.093"></status>
</kw>
<kw name="Click Submit payment link" library="welcomepayment">
<kw name="Click Submit payment" library="welcomepaymentpage">
<kw name="Sleep" library="BuiltIn">
<doc>Pauses the test executed for the given time.</doc>
<arguments>
<arg>3s</arg>
</arguments>
<msg timestamp="20190709 14:27:48.108" level="INFO">Slept 3 seconds</msg>
<status status="PASS" starttime="20190709 14:27:45.094" endtime="20190709 14:27:48.108"></status>
</kw>
<kw name="Click Link" library="SeleniumLibrary">
<doc>Clicks a link identified by ``locator``.</doc>
<arguments>
<arg>Submit Payment</arg>
</arguments>
<msg timestamp="20190709 14:27:48.108" level="INFO">Clicking link 'Submit Payment'.</msg>
<kw name="Capture Page Screenshot" library="SeleniumLibrary">
<doc>Takes screenshot of the current page and embeds it into log file.</doc>
<msg timestamp="20190709 14:27:48.549" level="INFO" html="yes">&lt;/td&gt;&lt;/tr&gt;&lt;tr&gt;&lt;td colspan="3"&gt;&lt;a href="selenium-screenshot-83.png"&gt;&lt;img src="selenium-screenshot-83.png" width="800px"&gt;&lt;/a&gt;</msg>
<status status="PASS" starttime="20190709 14:27:48.154" endtime="20190709 14:27:48.549"></status>
</kw>
<msg timestamp="20190709 14:27:48.549" level="FAIL">Link with locator 'Submit Payment' not found.</msg>
<status status="FAIL" starttime="20190709 14:27:48.108" endtime="20190709 14:27:48.549"></status>
</kw>
<status status="FAIL" starttime="20190709 14:27:45.094" endtime="20190709 14:27:48.549"></status>
</kw>
<status status="FAIL" starttime="20190709 14:27:45.094" endtime="20190709 14:27:48.549"></status>
</kw>
<kw name="End Web test" library="common" type="teardown">
<kw name="Close Browser" library="SeleniumLibrary">
<doc>Closes the current browser.</doc>
<status status="PASS" starttime="20190709 14:27:48.549" endtime="20190709 14:27:50.699"></status>
</kw>
<status status="PASS" starttime="20190709 14:27:48.549" endtime="20190709 14:27:50.699"></status>
</kw>
<doc>This test verifies the ability of the out of state user to enter his personal information</doc>
<tags>
<tag>smoke regression</tag>
</tags>
<status status="FAIL" starttime="20190709 14:27:28.893" endtime="20190709 14:27:50.699" critical="yes">Link with locator 'Submit Payment' not found.</status>
</test>
<test id="s1-s1-t3" name="International User enters Personal,citizenship information and clicks on enroll and pay button in the slate form">
<kw name="Begin Web test" library="common" type="setup">
<kw name="Open Browser" library="SeleniumLibrary">
<doc>Opens a new browser instance to the given ``url``.</doc>
<arguments>
<arg>about:blank</arg>
<arg>${BROWSER}</arg>
</arguments>
<msg timestamp="20190709 14:27:50.714" level="INFO">Opening browser 'chrome' to base url 'about:blank'.</msg>
<status status="PASS" starttime="20190709 14:27:50.714" endtime="20190709 14:27:53.049"></status>
</kw>
<status status="PASS" starttime="20190709 14:27:50.714" endtime="20190709 14:27:53.049"></status>
</kw>
<kw name="Get CSV data" library="Datamanager">
<arguments>
<arg>${credentials_international_CSV}</arg>
</arguments>
<assign>
<var>${scenarios}</var>
</assign>
<kw name="Read Csv File" library="readcsv">
<arguments>
<arg>${filepath}</arg>
</arguments>
<assign>
<var>${Data}</var>
</assign>
<msg timestamp="20190709 14:27:53.052" level="INFO">${Data} = [['Violet1', 'Jackson', 'vj@example.com', 'Canada', '3676 Yale dr', 'Halifax', 'Ontario', '89900', 'Male', 'Canada']]</msg>
<status status="PASS" starttime="20190709 14:27:53.051" endtime="20190709 14:27:53.052"></status>
</kw>
<msg timestamp="20190709 14:27:53.052" level="INFO">${scenarios} = [['Violet1', 'Jackson', 'vj@example.com', 'Canada', '3676 Yale dr', 'Halifax', 'Ontario', '89900', 'Male', 'Canada']]</msg>
<status status="PASS" starttime="20190709 14:27:53.050" endtime="20190709 14:27:53.052"></status>
</kw>
<kw name="Open Slate form" library="slate">
<kw name="Load" library="slateformpage">
<kw name="Go To" library="SeleniumLibrary">
<doc>Navigates the active browser instance to the provided ``url``.</doc>
<arguments>
<arg>${FORM_URL}</arg>
</arguments>
<msg timestamp="20190709 14:27:53.054" level="INFO">Opening url 'https://cbo.test.technolutions.net/register/MSEEenrollmentV2'</msg>
<status status="PASS" starttime="20190709 14:27:53.053" endtime="20190709 14:27:54.430"></status>
</kw>
<status status="PASS" starttime="20190709 14:27:53.053" endtime="20190709 14:27:54.430"></status>
</kw>
<kw name="Maximize Window" library="slateformpage">
<kw name="Maximize Browser Window" library="SeleniumLibrary">
<doc>Maximizes current browser window.</doc>
<status status="PASS" starttime="20190709 14:27:54.431" endtime="20190709 14:27:55.594"></status>
</kw>
<status status="PASS" starttime="20190709 14:27:54.431" endtime="20190709 14:27:55.594"></status>
</kw>
<kw name="Verify Page Loaded" library="slateformpage">
<kw name="Wait Until Page Contains" library="SeleniumLibrary">
<doc>Waits until ``text`` appears on current page.</doc>
<arguments>
<arg>Welcome to CU Boulder!</arg>
</arguments>
<status status="PASS" starttime="20190709 14:27:55.595" endtime="20190709 14:27:55.627"></status>
</kw>
<status status="PASS" starttime="20190709 14:27:55.594" endtime="20190709 14:27:55.627"></status>
</kw>
<status status="PASS" starttime="20190709 14:27:53.053" endtime="20190709 14:27:55.627"></status>
</kw>
<kw name="Choose a Course" library="slate">
<arguments>
<arg>${course3}</arg>
</arguments>
<kw name="Select a course" library="slateformpage">
<arguments>
<arg>${course_no}</arg>
</arguments>
<kw name="Click Element" library="SeleniumLibrary">
<doc>Click element identified by ``locator``.</doc>
<arguments>
<arg>id=${course}</arg>
</arguments>
<msg timestamp="20190709 14:27:55.627" level="INFO">Clicking element 'id=form_000164e3-6f86-9af7-74c7-62f0c65937aa_3'.</msg>
<status status="PASS" starttime="20190709 14:27:55.627" endtime="20190709 14:27:55.756"></status>
</kw>
<kw name="Get Text" library="SeleniumLibrary">
<doc>Returns the text value of element identified by ``locator``.</doc>
<arguments>
<arg>id=form_6eae1f48-9baa-4ed3-9736-b4b06f457432</arg>
</arguments>
<assign>
<var>${course_name}</var>
</assign>
<msg timestamp="20190709 14:27:55.788" level="INFO">${course_name} = </msg>
<status status="PASS" starttime="20190709 14:27:55.756" endtime="20190709 14:27:55.789"></status>
</kw>
<kw name="Set Global Variable" library="BuiltIn">
<doc>Makes a variable available globally in all tests and suites.</doc>
<arguments>
<arg>${course_name1}</arg>
<arg>${course_name}</arg>
</arguments>
<msg timestamp="20190709 14:27:55.789" level="INFO">${course_name1} = </msg>
<status status="PASS" starttime="20190709 14:27:55.789" endtime="20190709 14:27:55.789"></status>
</kw>
<status status="PASS" starttime="20190709 14:27:55.627" endtime="20190709 14:27:55.789"></status>
</kw>
<status status="PASS" starttime="20190709 14:27:55.627" endtime="20190709 14:27:55.789"></status>
</kw>
<kw name="Input personal info" library="slate">
<arguments>
<arg>${scenarios}</arg>
</arguments>
<kw name="Enter Mandatory information" library="slateformpage">
<arguments>
<arg>${data}</arg>
</arguments>
<kw name="${field} IN [ @{mandatory_fields} ]" type="for">
<kw name="${field} = ['Violet1', 'Jackson', 'vj@example.com', 'Canada', '3676 Yale dr', 'Halifax', 'Ontario', '89900', 'Male', 'Canada']" type="foritem">
<kw name="Input Text" library="SeleniumLibrary">
<doc>Types the given ``text`` into text field identified by ``locator``.</doc>
<arguments>
<arg>id=form_86a9bc3b-0a24-8cc8-e69a-d88c4ecafe47</arg>
<arg>${field[0]}</arg>
</arguments>
<msg timestamp="20190709 14:27:55.791" level="INFO">Typing text 'Violet1' into text field 'id=form_86a9bc3b-0a24-8cc8-e69a-d88c4ecafe47'.</msg>
<status status="PASS" starttime="20190709 14:27:55.790" endtime="20190709 14:27:55.912"></status>
</kw>
<kw name="Input Text" library="SeleniumLibrary">
<doc>Types the given ``text`` into text field identified by ``locator``.</doc>
<arguments>
<arg>id=form_f0833acd-b282-84c3-364e-14532666a1ed</arg>
<arg>${field[1]}</arg>
</arguments>
<msg timestamp="20190709 14:27:55.913" level="INFO">Typing text 'Jackson' into text field 'id=form_f0833acd-b282-84c3-364e-14532666a1ed'.</msg>
<status status="PASS" starttime="20190709 14:27:55.913" endtime="20190709 14:27:56.016"></status>
</kw>
<kw name="Input Text" library="SeleniumLibrary">
<doc>Types the given ``text`` into text field identified by ``locator``.</doc>
<arguments>
<arg>id=form_7a31eeea-89ec-c420-9bb9-4d15c3478817</arg>
<arg>${field[2]}</arg>
</arguments>
<msg timestamp="20190709 14:27:56.017" level="INFO">Typing text 'vj@example.com' into text field 'id=form_7a31eeea-89ec-c420-9bb9-4d15c3478817'.</msg>
<status status="PASS" starttime="20190709 14:27:56.016" endtime="20190709 14:27:56.172"></status>
</kw>
<kw name="Select From List By Label" library="SeleniumLibrary">
<doc>Selects options from selection list ``locator`` by ``labels``.</doc>
<arguments>
<arg>id=form_c43c5715-6e41-51e3-60d9-0b2b4f32191e_country</arg>
<arg>${field[3]}</arg>
</arguments>
<msg timestamp="20190709 14:27:56.172" level="INFO">Selecting options from selection list 'id=form_c43c5715-6e41-51e3-60d9-0b2b4f32191e_country' by label Canada.</msg>
<status status="PASS" starttime="20190709 14:27:56.172" endtime="20190709 14:27:56.254"></status>
</kw>
<kw name="Input Text" library="SeleniumLibrary">
<doc>Types the given ``text`` into text field identified by ``locator``.</doc>
<arguments>
<arg>id=form_c43c5715-6e41-51e3-60d9-0b2b4f32191e_street</arg>
<arg>${field[4]}</arg>
</arguments>
<msg timestamp="20190709 14:27:56.255" level="INFO">Typing text '3676 Yale dr' into text field 'id=form_c43c5715-6e41-51e3-60d9-0b2b4f32191e_street'.</msg>
<status status="PASS" starttime="20190709 14:27:56.254" endtime="20190709 14:27:56.337"></status>
</kw>
<kw name="Input Text" library="SeleniumLibrary">
<doc>Types the given ``text`` into text field identified by ``locator``.</doc>
<arguments>
<arg>id=form_c43c5715-6e41-51e3-60d9-0b2b4f32191e_city</arg>
<arg>${field[4]}</arg>
</arguments>
<msg timestamp="20190709 14:27:56.337" level="INFO">Typing text '3676 Yale dr' into text field 'id=form_c43c5715-6e41-51e3-60d9-0b2b4f32191e_city'.</msg>
<status status="PASS" starttime="20190709 14:27:56.337" endtime="20190709 14:27:56.487"></status>
</kw>
<kw name="Select From List By Label" library="SeleniumLibrary">
<doc>Selects options from selection list ``locator`` by ``labels``.</doc>
<arguments>
<arg>id=form_c43c5715-6e41-51e3-60d9-0b2b4f32191e_region</arg>
<arg>${field[6]}</arg>
</arguments>
<msg timestamp="20190709 14:27:56.488" level="INFO">Selecting options from selection list 'id=form_c43c5715-6e41-51e3-60d9-0b2b4f32191e_region' by label Ontario.</msg>
<status status="PASS" starttime="20190709 14:27:56.487" endtime="20190709 14:27:56.557"></status>
</kw>
<kw name="Input Text" library="SeleniumLibrary">
<doc>Types the given ``text`` into text field identified by ``locator``.</doc>
<arguments>
<arg>id=form_c43c5715-6e41-51e3-60d9-0b2b4f32191e_postal</arg>
<arg>${field[7]}</arg>
</arguments>
<msg timestamp="20190709 14:27:56.558" level="INFO">Typing text '89900' into text field 'id=form_c43c5715-6e41-51e3-60d9-0b2b4f32191e_postal'.</msg>
<status status="PASS" starttime="20190709 14:27:56.558" endtime="20190709 14:27:56.648"></status>
</kw>
<kw name="Select From List By Label" library="SeleniumLibrary">
<doc>Selects options from selection list ``locator`` by ``labels``.</doc>
<arguments>
<arg>id=form_bf4cd39f-3ea4-344a-8a97-1a8e9e3e9449</arg>
<arg>${field[8]}</arg>
</arguments>
<msg timestamp="20190709 14:27:56.649" level="INFO">Selecting options from selection list 'id=form_bf4cd39f-3ea4-344a-8a97-1a8e9e3e9449' by label Male.</msg>
<status status="PASS" starttime="20190709 14:27:56.649" endtime="20190709 14:27:56.726"></status>
</kw>
<kw name="Run Keyword If" library="BuiltIn">
<doc>Runs the given keyword with the given arguments, if ``condition`` is true.</doc>
<arguments>
<arg>'${field[8]}' == 'Male' and '${field[9]}' == 'United States'</arg>
<arg>Enable Selective service</arg>
</arguments>
<status status="PASS" starttime="20190709 14:27:56.727" endtime="20190709 14:27:56.727"></status>
</kw>
<kw name="Select From List By Label" library="SeleniumLibrary">
<doc>Selects options from selection list ``locator`` by ``labels``.</doc>
<arguments>
<arg>id=form_140be1db-2a09-877c-ed38-c359f7f99049</arg>
<arg>${field[9]}</arg>
</arguments>
<msg timestamp="20190709 14:27:56.727" level="INFO">Selecting options from selection list 'id=form_140be1db-2a09-877c-ed38-c359f7f99049' by label Canada.</msg>
<status status="PASS" starttime="20190709 14:27:56.727" endtime="20190709 14:27:56.813"></status>
</kw>
<kw name="Run Keyword If" library="BuiltIn">
<doc>Runs the given keyword with the given arguments, if ``condition`` is true.</doc>
<arguments>
<arg>'${field[9]}' != 'United States'</arg>
<arg>Enable Permanant resident</arg>
</arguments>
<kw name="Enable Permanant resident" library="slateformpage">
<kw name="Log To Console" library="BuiltIn">
<doc>Logs the given message to the console.</doc>
<arguments>
<arg>Enable Permanant resident getting executed</arg>
</arguments>
<status status="PASS" starttime="20190709 14:27:56.814" endtime="20190709 14:27:56.814"></status>
</kw>
<kw name="Page Should Contain Element" library="SeleniumLibrary">
<doc>Verifies that element ``locator`` is found on the current page.</doc>
<arguments>
<arg>xpath=//*[@id="form_7e16b508-3e06-4b81-9fc0-61715afe1a86"]</arg>
</arguments>
<msg timestamp="20190709 14:27:56.827" level="INFO">Current page contains element 'xpath=//*[@id="form_7e16b508-3e06-4b81-9fc0-61715afe1a86"]'.</msg>
<status status="PASS" starttime="20190709 14:27:56.814" endtime="20190709 14:27:56.827"></status>
</kw>
<kw name="Get Text" library="SeleniumLibrary">
<doc>Returns the text value of element identified by ``locator``.</doc>
<arguments>
<arg>xpath=//*[@id="form_7e16b508-3e06-4b81-9fc0-61715afe1a86"]</arg>
</arguments>
<assign>
<var>${testing1}</var>
</assign>
<msg timestamp="20190709 14:27:56.857" level="INFO">${testing1} = U. S. Permanent Resident?
Yes
No</msg>
<status status="PASS" starttime="20190709 14:27:56.827" endtime="20190709 14:27:56.857"></status>
</kw>
<kw name="Log To Console" library="BuiltIn">
<doc>Logs the given message to the console.</doc>
<arguments>
<arg>${testing1}</arg>
</arguments>
<status status="PASS" starttime="20190709 14:27:56.857" endtime="20190709 14:27:56.857"></status>
</kw>
<kw name="Pause Execution" library="Dialogs">
<doc>Pauses test execution until user clicks ``Ok`` button.</doc>
<arguments>
<arg>Please select your permanant residency status</arg>
</arguments>
<status status="PASS" starttime="20190709 14:27:56.857" endtime="20190709 14:27:59.656"></status>
</kw>
<kw name="Sleep" library="BuiltIn">
<doc>Pauses the test executed for the given time.</doc>
<arguments>
<arg>5s</arg>
</arguments>
<msg timestamp="20190709 14:28:04.669" level="INFO">Slept 5 seconds</msg>
<status status="PASS" starttime="20190709 14:27:59.656" endtime="20190709 14:28:04.669"></status>
</kw>
<kw name="Run Keyword And Return Status" library="BuiltIn">
<doc>Runs the given keyword with given arguments and returns the status as a Boolean value.</doc>
<arguments>
<arg>Radio Button Should Be Set To</arg>
<arg>form_7e16b508-3e06-4b81-9fc0-61715afe1a86</arg>
<arg>0</arg>
</arguments>
<assign>
<var>${selection}</var>
</assign>
<kw name="Radio Button Should Be Set To" library="SeleniumLibrary">
<doc>Verifies radio button group ``group_name`` is set to ``value``.</doc>
<arguments>
<arg>form_7e16b508-3e06-4b81-9fc0-61715afe1a86</arg>
<arg>0</arg>
</arguments>
<msg timestamp="20190709 14:28:04.669" level="INFO">Verifying radio button 'form_7e16b508-3e06-4b81-9fc0-61715afe1a86' has selection '0'.</msg>
<status status="PASS" starttime="20190709 14:28:04.669" endtime="20190709 14:28:04.772"></status>
</kw>
<msg timestamp="20190709 14:28:04.772" level="INFO">${selection} = True</msg>
<status status="PASS" starttime="20190709 14:28:04.669" endtime="20190709 14:28:04.772"></status>
</kw>
<kw name="Log To Console" library="BuiltIn">
<doc>Logs the given message to the console.</doc>
<arguments>
<arg>${selection}</arg>
</arguments>
<status status="PASS" starttime="20190709 14:28:04.773" endtime="20190709 14:28:04.774"></status>
</kw>
<kw name="Run Keyword If" library="BuiltIn">
<doc>Runs the given keyword with the given arguments, if ``condition`` is true.</doc>
<arguments>
<arg>'${selection}' == 'True'</arg>
<arg>National ID</arg>
<arg>ELSE</arg>
<arg>Social Security number</arg>
</arguments>
<kw name="National ID" library="slateformpage">
<kw name="Page Should Contain Textfield" library="SeleniumLibrary">
<doc>Verifies text field ``locator`` is found from current page.</doc>
<arguments>
<arg>id=form_08ca9427-e0b7-ce67-1537-63183d96e420</arg>
</arguments>
<msg timestamp="20190709 14:28:04.839" level="INFO">Current page contains text field 'id=form_08ca9427-e0b7-ce67-1537-63183d96e420'.</msg>
<status status="PASS" starttime="20190709 14:28:04.776" endtime="20190709 14:28:04.839"></status>
</kw>
<kw name="Pause Execution" library="Dialogs">
<doc>Pauses test execution until user clicks ``Ok`` button.</doc>
<arguments>
<arg>Please enter national ID</arg>
</arguments>
<status status="PASS" starttime="20190709 14:28:04.839" endtime="20190709 14:28:06.224"></status>
</kw>
<kw name="Sleep" library="BuiltIn">
<doc>Pauses the test executed for the given time.</doc>
<arguments>
<arg>5s</arg>
</arguments>
<msg timestamp="20190709 14:28:11.238" level="INFO">Slept 5 seconds</msg>
<status status="PASS" starttime="20190709 14:28:06.224" endtime="20190709 14:28:11.238"></status>
</kw>
<status status="PASS" starttime="20190709 14:28:04.776" endtime="20190709 14:28:11.238"></status>
</kw>
<status status="PASS" starttime="20190709 14:28:04.774" endtime="20190709 14:28:11.238"></status>
</kw>
<status status="PASS" starttime="20190709 14:27:56.814" endtime="20190709 14:28:11.238"></status>
</kw>
<status status="PASS" starttime="20190709 14:27:56.813" endtime="20190709 14:28:11.238"></status>
</kw>
<status status="PASS" starttime="20190709 14:27:55.790" endtime="20190709 14:28:11.238"></status>
</kw>
<status status="PASS" starttime="20190709 14:27:55.790" endtime="20190709 14:28:11.238"></status>
</kw>
<status status="PASS" starttime="20190709 14:27:55.790" endtime="20190709 14:28:11.238"></status>
</kw>
<kw name="Users should be able to select Date of Birth" library="slateformpage">
<kw name="Select From List By Label" library="SeleniumLibrary">
<doc>Selects options from selection list ``locator`` by ``labels``.</doc>
<arguments>
<arg>id=form_9431eec7-4eef-185e-7287-15b176358ade_m</arg>
<arg>${DOB_month}</arg>
</arguments>
<msg timestamp="20190709 14:28:11.238" level="INFO">Selecting options from selection list 'id=form_9431eec7-4eef-185e-7287-15b176358ade_m' by label March.</msg>
<status status="PASS" starttime="20190709 14:28:11.238" endtime="20190709 14:28:11.467"></status>
</kw>
<kw name="Select From List By Label" library="SeleniumLibrary">
<doc>Selects options from selection list ``locator`` by ``labels``.</doc>
<arguments>
<arg>id=form_9431eec7-4eef-185e-7287-15b176358ade_d</arg>
<arg>${DOB_day}</arg>
</arguments>
<msg timestamp="20190709 14:28:11.468" level="INFO">Selecting options from selection list 'id=form_9431eec7-4eef-185e-7287-15b176358ade_d' by label 25.</msg>
<status status="PASS" starttime="20190709 14:28:11.467" endtime="20190709 14:28:11.552"></status>
</kw>
<kw name="Select From List By Label" library="SeleniumLibrary">
<doc>Selects options from selection list ``locator`` by ``labels``.</doc>
<arguments>
<arg>id=form_9431eec7-4eef-185e-7287-15b176358ade_y</arg>
<arg>${DOB_year}</arg>
</arguments>
<msg timestamp="20190709 14:28:11.553" level="INFO">Selecting options from selection list 'id=form_9431eec7-4eef-185e-7287-15b176358ade_y' by label 1988.</msg>
<status status="PASS" starttime="20190709 14:28:11.552" endtime="20190709 14:28:11.741"></status>
</kw>
<status status="PASS" starttime="20190709 14:28:11.238" endtime="20190709 14:28:11.741"></status>
</kw>
<kw name="Users should be able to input phone number" library="slateformpage">
<kw name="Input Text" library="SeleniumLibrary">
<doc>Types the given ``text`` into text field identified by ``locator``.</doc>
<arguments>
<arg>id=form_4312a3e3-1b3f-1d01-b1ce-08a6b6f994d0</arg>
<arg>${phone_number}</arg>
</arguments>
<msg timestamp="20190709 14:28:11.741" level="INFO">Typing text '7208971234' into text field 'id=form_4312a3e3-1b3f-1d01-b1ce-08a6b6f994d0'.</msg>
<status status="PASS" starttime="20190709 14:28:11.741" endtime="20190709 14:28:11.864"></status>
</kw>
<status status="PASS" starttime="20190709 14:28:11.741" endtime="20190709 14:28:11.864"></status>
</kw>
<status status="PASS" starttime="20190709 14:27:55.790" endtime="20190709 14:28:11.864"></status>
</kw>
<kw name="Verify Tuition" library="slate">
<kw name="The total cost for this course must match with tuition" library="slateformpage">
<kw name="Get Value" library="SeleniumLibrary">
<doc>Returns the value attribute of element identified by ``locator``.</doc>
<arguments>
<arg>xpath=//*[@id="form_4a7c5c15-aaa9-981d-aa01-554762840ef2"]</arg>
</arguments>
<assign>
<var>${total_cost}</var>
</assign>
<msg timestamp="20190709 14:28:11.885" level="INFO">${total_cost} = $667.00</msg>
<status status="PASS" starttime="20190709 14:28:11.866" endtime="20190709 14:28:11.885"></status>
</kw>
<kw name="Log To Console" library="BuiltIn">
<doc>Logs the given message to the console.</doc>
<arguments>
<arg>total cost</arg>
</arguments>
<status status="PASS" starttime="20190709 14:28:11.885" endtime="20190709 14:28:11.885"></status>
</kw>
<kw name="Log To Console" library="BuiltIn">
<doc>Logs the given message to the console.</doc>
<arguments>
<arg>${total_cost}</arg>
</arguments>
<status status="PASS" starttime="20190709 14:28:11.885" endtime="20190709 14:28:11.886"></status>
</kw>
<kw name="Get Text" library="SeleniumLibrary">
<doc>Returns the text value of element identified by ``locator``.</doc>
<arguments>
<arg>id=payment_display_form_3f9bbf64-3bef-32dd-f9b6-ff719bd42050</arg>
</arguments>
<assign>
<var>${tuition}</var>
</assign>
<msg timestamp="20190709 14:28:11.910" level="INFO">${tuition} = $667.00</msg>
<status status="PASS" starttime="20190709 14:28:11.886" endtime="20190709 14:28:11.910"></status>
</kw>
<kw name="Set Global Variable" library="BuiltIn">
<doc>Makes a variable available globally in all tests and suites.</doc>
<arguments>
<arg>${tuition1}</arg>
<arg>${tuition}</arg>
</arguments>
<msg timestamp="20190709 14:28:11.910" level="INFO">${533.60} = $667.00</msg>
<status status="PASS" starttime="20190709 14:28:11.910" endtime="20190709 14:28:11.910"></status>
</kw>
<kw name="Log To Console" library="BuiltIn">
<doc>Logs the given message to the console.</doc>
<arguments>
<arg>tuition cost</arg>
</arguments>
<status status="PASS" starttime="20190709 14:28:11.910" endtime="20190709 14:28:11.910"></status>
</kw>
<kw name="Log To Console" library="BuiltIn">
<doc>Logs the given message to the console.</doc>
<arguments>
<arg>${tuition}</arg>
</arguments>
<status status="PASS" starttime="20190709 14:28:11.910" endtime="20190709 14:28:11.910"></status>
</kw>
<kw name="Should Be Equal" library="BuiltIn">
<doc>Fails if the given objects are unequal.</doc>
<arguments>
<arg>${total_cost}</arg>
<arg>${tuition}</arg>
</arguments>
<status status="PASS" starttime="20190709 14:28:11.910" endtime="20190709 14:28:11.910"></status>
</kw>
<kw name="Log To Console" library="BuiltIn">
<doc>Logs the given message to the console.</doc>
<arguments>
<arg>Sucesss tuition matches</arg>
</arguments>
<status status="PASS" starttime="20190709 14:28:11.910" endtime="20190709 14:28:11.910"></status>
</kw>
<status status="PASS" starttime="20190709 14:28:11.865" endtime="20190709 14:28:11.910"></status>
</kw>
<status status="PASS" starttime="20190709 14:28:11.865" endtime="20190709 14:28:11.910"></status>
</kw>
<kw name="Click Enroll and Pay" library="slate">
<kw name="Users should be able to click enroll and pay button to go to the payment page" library="slateformpage">
<kw name="Click Button" library="SeleniumLibrary">
<doc>Clicks button identified by ``locator``.</doc>
<arguments>
<arg>css=#form_69032c1d-6e6c-4bfe-f3b4-85e3b47017e8_container &gt; div.action.form_action &gt; button</arg>
</arguments>
<msg timestamp="20190709 14:28:11.910" level="INFO">Clicking button 'css=#form_69032c1d-6e6c-4bfe-f3b4-85e3b47017e8_container &gt; div.action.form_action &gt; button'.</msg>
<status status="PASS" starttime="20190709 14:28:11.910" endtime="20190709 14:28:12.031"></status>
</kw>
<status status="PASS" starttime="20190709 14:28:11.910" endtime="20190709 14:28:12.032"></status>
</kw>
<status status="PASS" starttime="20190709 14:28:11.910" endtime="20190709 14:28:12.032"></status>
</kw>
<kw name="Open welcome payment page" library="welcomepayment">
<kw name="Maximize Window" library="welcomepaymentpage">
<kw name="Maximize Browser Window" library="SeleniumLibrary">
<doc>Maximizes current browser window.</doc>
<status status="PASS" starttime="20190709 14:28:12.033" endtime="20190709 14:28:12.037"></status>
</kw>
<status status="PASS" starttime="20190709 14:28:12.032" endtime="20190709 14:28:12.037"></status>
</kw>
<kw name="Verify Page Loaded" library="welcomepaymentpage">
<kw name="Wait Until Page Contains" library="SeleniumLibrary">
<doc>Waits until ``text`` appears on current page.</doc>
<arguments>
<arg>Welcome to CU Boulder!</arg>
</arguments>
<status status="PASS" starttime="20190709 14:28:12.038" endtime="20190709 14:28:12.053"></status>
</kw>
<status status="PASS" starttime="20190709 14:28:12.037" endtime="20190709 14:28:12.053"></status>
</kw>
<status status="PASS" starttime="20190709 14:28:12.032" endtime="20190709 14:28:12.053"></status>
</kw>
<kw name="Click Submit payment link" library="welcomepayment">
<kw name="Click Submit payment" library="welcomepaymentpage">
<kw name="Sleep" library="BuiltIn">
<doc>Pauses the test executed for the given time.</doc>
<arguments>
<arg>3s</arg>
</arguments>
<msg timestamp="20190709 14:28:15.064" level="INFO">Slept 3 seconds</msg>
<status status="PASS" starttime="20190709 14:28:12.054" endtime="20190709 14:28:15.064"></status>
</kw>
<kw name="Click Link" library="SeleniumLibrary">
<doc>Clicks a link identified by ``locator``.</doc>
<arguments>
<arg>Submit Payment</arg>
</arguments>
<msg timestamp="20190709 14:28:15.064" level="INFO">Clicking link 'Submit Payment'.</msg>
<kw name="Capture Page Screenshot" library="SeleniumLibrary">
<doc>Takes screenshot of the current page and embeds it into log file.</doc>
<msg timestamp="20190709 14:28:15.493" level="INFO" html="yes">&lt;/td&gt;&lt;/tr&gt;&lt;tr&gt;&lt;td colspan="3"&gt;&lt;a href="selenium-screenshot-84.png"&gt;&lt;img src="selenium-screenshot-84.png" width="800px"&gt;&lt;/a&gt;</msg>
<status status="PASS" starttime="20190709 14:28:15.126" endtime="20190709 14:28:15.493"></status>
</kw>
<msg timestamp="20190709 14:28:15.494" level="FAIL">Link with locator 'Submit Payment' not found.</msg>
<status status="FAIL" starttime="20190709 14:28:15.064" endtime="20190709 14:28:15.494"></status>
</kw>
<status status="FAIL" starttime="20190709 14:28:12.054" endtime="20190709 14:28:15.494"></status>
</kw>
<status status="FAIL" starttime="20190709 14:28:12.053" endtime="20190709 14:28:15.494"></status>
</kw>
<kw name="End Web test" library="common" type="teardown">
<kw name="Close Browser" library="SeleniumLibrary">
<doc>Closes the current browser.</doc>
<status status="PASS" starttime="20190709 14:28:15.496" endtime="20190709 14:28:17.661"></status>
</kw>
<status status="PASS" starttime="20190709 14:28:15.495" endtime="20190709 14:28:17.661"></status>
</kw>
<doc>This test verifies the ability of the international user to enter his personal information</doc>
<tags>
<tag>smoke regression</tag>
</tags>
<status status="FAIL" starttime="20190709 14:27:50.714" endtime="20190709 14:28:17.661" critical="yes">Link with locator 'Submit Payment' not found.</status>
</test>
<doc>User fills slate form</doc>
<status status="FAIL" starttime="20190709 14:27:12.536" endtime="20190709 14:28:17.661"></status>
</suite>
<status status="FAIL" starttime="20190709 14:27:12.505" endtime="20190709 14:28:17.676"></status>
</suite>
<statistics>
<total>
<stat pass="0" fail="3">Critical Tests</stat>
<stat pass="0" fail="3">All Tests</stat>
</total>
<tag>
<stat pass="0" fail="3">smoke regression</stat>
</tag>
<suite>
<stat pass="0" fail="3" id="s1" name="Tests">Tests</stat>
<stat pass="0" fail="3" id="s1-s1" name="Demo">Tests.Demo</stat>
</suite>
</statistics>
<errors>
</errors>
</robot>
